Connected.
Username: mmf_2_10

Delete old data in tables

0 rows deleted.

Elapsed: 00:00:00.00

0 rows deleted.

Elapsed: 00:00:00.00

0 rows deleted.

Elapsed: 00:00:00.00

0 rows deleted.

Elapsed: 00:00:00.00

0 rows deleted.

Elapsed: 00:00:00.00

0 rows deleted.

Elapsed: 00:00:00.00

0 rows deleted.

Elapsed: 00:00:00.00

0 rows deleted.

Elapsed: 00:00:00.00

0 rows deleted.

Elapsed: 00:00:00.00

Create raw data table
old  23: TABLESPACE &&TABLESPACE_NAME
new  23: TABLESPACE mmf_2_10_DATA
CREATE TABLE GoogleExcelTable (
             *
ERROR at line 1:
ORA-00955: name is already used by an existing object 


Elapsed: 00:00:00.00
Insert into GoogleExcelTable (BATCH_NUMBER,BATCH_STATUS,CUSTOMER_NAME,ADDRESS,TRANSPORT,BOX_WEIGHT,BOX_TYPE,BOX_PRICE,BOX_COUNT,PRODUCT_NAME,PRODUCT_PRICE,PRODUCT_WEIGHT,SHELF_LIFE,FOOD_ENERGY,PROTEIN,FATS,CARBONOHYDRATES,COCOA) values ('1','Формируется','Евроопт','г. Минск, ул. Слободская д.131, пом. 1','Свой','10','Для транспортировки','957.5','5','Горький шоколад с начинкой из абрикосового пюре','3.83','0.2','12','1830','3','19','63','56')
*
ERROR at line 1:
ORA-00001: unique constraint (MMF_2_10.BATCH_PK) violated 


Elapsed: 00:00:00.00
Insert into GoogleExcelTable (BATCH_NUMBER,BATCH_STATUS,CUSTOMER_NAME,ADDRESS,TRANSPORT,BOX_WEIGHT,BOX_TYPE,BOX_PRICE,BOX_COUNT,PRODUCT_NAME,PRODUCT_PRICE,PRODUCT_WEIGHT,SHELF_LIFE,FOOD_ENERGY,PROTEIN,FATS,CARBONOHYDRATES,COCOA) values ('1','Формируется','Евроопт','г. Минск, ул. Слободская д.131, пом. 1','Свой','30','Для транспортировки','10341','18','Горький шоколад с начинкой из пюре черной смородины','3.83','0.2','12','1830','3','19','63','56')
*
ERROR at line 1:
ORA-00001: unique constraint (MMF_2_10.BATCH_PK) violated 


Elapsed: 00:00:00.00
Insert into GoogleExcelTable (BATCH_NUMBER,BATCH_STATUS,CUSTOMER_NAME,ADDRESS,TRANSPORT,BOX_WEIGHT,BOX_TYPE,BOX_PRICE,BOX_COUNT,PRODUCT_NAME,PRODUCT_PRICE,PRODUCT_WEIGHT,SHELF_LIFE,FOOD_ENERGY,PROTEIN,FATS,CARBONOHYDRATES,COCOA) values ('1','Формируется','Евроопт','г. Минск, ул. Слободская д.131, пом. 1','Свой','10','Для транспортировки','2625','21','Молочный шоколад с изысканной начинкой с клубничным пюре и молочным кремом','1.25','0.1','12','2160','3.5','29','60','0')
*
ERROR at line 1:
ORA-00001: unique constraint (MMF_2_10.BATCH_PK) violated 


Elapsed: 00:00:00.00
Insert into GoogleExcelTable (BATCH_NUMBER,BATCH_STATUS,CUSTOMER_NAME,ADDRESS,TRANSPORT,BOX_WEIGHT,BOX_TYPE,BOX_PRICE,BOX_COUNT,PRODUCT_NAME,PRODUCT_PRICE,PRODUCT_WEIGHT,SHELF_LIFE,FOOD_ENERGY,PROTEIN,FATS,CARBONOHYDRATES,COCOA) values ('1','Формируется','Евроопт','г. Минск, ул. Слободская д.131, пом. 1','Свой','20','Для транспортировки','14352','23','Нежный молочный шоколад с ароматными кусочками свежей клубники и воздушным рисом','3.12','0.1','12','2260','5','33','56','0')
*
ERROR at line 1:
ORA-00001: unique constraint (MMF_2_10.BATCH_PK) violated 


Elapsed: 00:00:00.01
Insert into GoogleExcelTable (BATCH_NUMBER,BATCH_STATUS,CUSTOMER_NAME,ADDRESS,TRANSPORT,BOX_WEIGHT,BOX_TYPE,BOX_PRICE,BOX_COUNT,PRODUCT_NAME,PRODUCT_PRICE,PRODUCT_WEIGHT,SHELF_LIFE,FOOD_ENERGY,PROTEIN,FATS,CARBONOHYDRATES,COCOA) values ('1','Формируется','Евроопт','г. Минск, ул. Слободская д.131, пом. 1','Свой','10','Для транспортировки','3267','11','Подарочный набор шоколада «Беларусь синеокая»','5.94','0.2','12','2310','5.5','36','52','0')
*
ERROR at line 1:
ORA-00001: unique constraint (MMF_2_10.BATCH_PK) violated 


Elapsed: 00:00:00.00
Insert into GoogleExcelTable (BATCH_NUMBER,BATCH_STATUS,CUSTOMER_NAME,ADDRESS,TRANSPORT,BOX_WEIGHT,BOX_TYPE,BOX_PRICE,BOX_COUNT,PRODUCT_NAME,PRODUCT_PRICE,PRODUCT_WEIGHT,SHELF_LIFE,FOOD_ENERGY,PROTEIN,FATS,CARBONOHYDRATES,COCOA) values ('1','Формируется','Евроопт','г. Минск, ул. Слободская д.131, пом. 1','Свой','10','Для транспортировки','4740','30','Какао-порошок "Коммунарка"','2.37','0.15','12','1373','25.6','12','29.6','100')
*
ERROR at line 1:
ORA-00001: unique constraint (MMF_2_10.BATCH_PK) violated 


Elapsed: 00:00:00.00
Insert into GoogleExcelTable (BATCH_NUMBER,BATCH_STATUS,CUSTOMER_NAME,ADDRESS,TRANSPORT,BOX_WEIGHT,BOX_TYPE,BOX_PRICE,BOX_COUNT,PRODUCT_NAME,PRODUCT_PRICE,PRODUCT_WEIGHT,SHELF_LIFE,FOOD_ENERGY,PROTEIN,FATS,CARBONOHYDRATES,COCOA) values ('1','Формируется','Евроопт','г. Минск, ул. Слободская д.131, пом. 1','Свой','5','Для продажи','501.25','25','Карамель леденцовая «Зубастики» кола-ла','4.01','1','12','1670','0','0.1','98','0')
*
ERROR at line 1:
ORA-00001: unique constraint (MMF_2_10.BATCH_PK) violated 


Elapsed: 00:00:00.00
Insert into GoogleExcelTable (BATCH_NUMBER,BATCH_STATUS,CUSTOMER_NAME,ADDRESS,TRANSPORT,BOX_WEIGHT,BOX_TYPE,BOX_PRICE,BOX_COUNT,PRODUCT_NAME,PRODUCT_PRICE,PRODUCT_WEIGHT,SHELF_LIFE,FOOD_ENERGY,PROTEIN,FATS,CARBONOHYDRATES,COCOA) values ('1','Формируется','Евроопт','г. Минск, ул. Слободская д.131, пом. 1','Свой','10','Для продажи','862.4','22','Карамель с молочной начинкой со вкусом пломбира','3.92','1','12','1616','0.4','1.1','92.6','0')
*
ERROR at line 1:
ORA-00001: unique constraint (MMF_2_10.BATCH_PK) violated 


Elapsed: 00:00:00.00
Insert into GoogleExcelTable (BATCH_NUMBER,BATCH_STATUS,CUSTOMER_NAME,ADDRESS,TRANSPORT,BOX_WEIGHT,BOX_TYPE,BOX_PRICE,BOX_COUNT,PRODUCT_NAME,PRODUCT_PRICE,PRODUCT_WEIGHT,SHELF_LIFE,FOOD_ENERGY,PROTEIN,FATS,CARBONOHYDRATES,COCOA) values ('1','Формируется','Евроопт','г. Минск, ул. Слободская д.131, пом. 1','Свой','7.7','Для транспортировки','6711','30','Maya Legends','22.37','0.77','12','2282','5.9','32.9','55.9','0')
*
ERROR at line 1:
ORA-00001: unique constraint (MMF_2_10.BATCH_PK) violated 


Elapsed: 00:00:00.00
Insert into GoogleExcelTable (BATCH_NUMBER,BATCH_STATUS,CUSTOMER_NAME,ADDRESS,TRANSPORT,BOX_WEIGHT,BOX_TYPE,BOX_PRICE,BOX_COUNT,PRODUCT_NAME,PRODUCT_PRICE,PRODUCT_WEIGHT,SHELF_LIFE,FOOD_ENERGY,PROTEIN,FATS,CARBONOHYDRATES,COCOA) values ('1','Формируется','Евроопт','г. Минск, ул. Слободская д.131, пом. 1','Свой','3.85','Для транспортировки','5132','40','Maya Legends','12.83','0.38','12','2282','5.9','32.9','55.9','0')
*
ERROR at line 1:
ORA-00001: unique constraint (MMF_2_10.BATCH_PK) violated 


Elapsed: 00:00:00.00
Insert into GoogleExcelTable (BATCH_NUMBER,BATCH_STATUS,CUSTOMER_NAME,ADDRESS,TRANSPORT,BOX_WEIGHT,BOX_TYPE,BOX_PRICE,BOX_COUNT,PRODUCT_NAME,PRODUCT_PRICE,PRODUCT_WEIGHT,SHELF_LIFE,FOOD_ENERGY,PROTEIN,FATS,CARBONOHYDRATES,COCOA) values ('2','Сформировано','Евроопт','г. Минск, ул. Слободская д.133, пом. 1','Арендованный','10','Для транспортировки','4213','22','Горький шоколад с начинкой из абрикосового пюре','3.83','0.2','12','1830','3','19','63','56')
*
ERROR at line 1:
ORA-00001: unique constraint (MMF_2_10.BATCH_PK) violated 


Elapsed: 00:00:00.00
Insert into GoogleExcelTable (BATCH_NUMBER,BATCH_STATUS,CUSTOMER_NAME,ADDRESS,TRANSPORT,BOX_WEIGHT,BOX_TYPE,BOX_PRICE,BOX_COUNT,PRODUCT_NAME,PRODUCT_PRICE,PRODUCT_WEIGHT,SHELF_LIFE,FOOD_ENERGY,PROTEIN,FATS,CARBONOHYDRATES,COCOA) values ('2','Сформировано','Евроопт','г. Минск, ул. Слободская д.133, пом. 1','Арендованный','7.7','Для транспортировки','4921.4','22','Maya Legends','22.37','0.77','12','2282','5.9','32.9','55.9','0')
*
ERROR at line 1:
ORA-00001: unique constraint (MMF_2_10.BATCH_PK) violated 


Elapsed: 00:00:00.00
Insert into GoogleExcelTable (BATCH_NUMBER,BATCH_STATUS,CUSTOMER_NAME,ADDRESS,TRANSPORT,BOX_WEIGHT,BOX_TYPE,BOX_PRICE,BOX_COUNT,PRODUCT_NAME,PRODUCT_PRICE,PRODUCT_WEIGHT,SHELF_LIFE,FOOD_ENERGY,PROTEIN,FATS,CARBONOHYDRATES,COCOA) values ('2','Сформировано','Евроопт','г. Минск, ул. Слободская д.133, пом. 1','Арендованный','3.85','Для транспортировки','2282.6','22','Maya Legends','12.83','0.38','12','2282','5.9','32.9','55.9','0')
*
ERROR at line 1:
ORA-00001: unique constraint (MMF_2_10.BATCH_PK) violated 


Elapsed: 00:00:00.00
Insert into GoogleExcelTable (BATCH_NUMBER,BATCH_STATUS,CUSTOMER_NAME,ADDRESS,TRANSPORT,BOX_WEIGHT,BOX_TYPE,BOX_PRICE,BOX_COUNT,PRODUCT_NAME,PRODUCT_PRICE,PRODUCT_WEIGHT,SHELF_LIFE,FOOD_ENERGY,PROTEIN,FATS,CARBONOHYDRATES,COCOA) values ('2','Сформировано','Евроопт','г. Минск, ул. Слободская д.133, пом. 1','Арендованный','30','Для транспортировки','12639','22','Горький шоколад с начинкой из пюре черной смородины','3.83','0.2','12','1830','3','19','63','56')
*
ERROR at line 1:
ORA-00001: unique constraint (MMF_2_10.BATCH_PK) violated 


Elapsed: 00:00:00.00
Insert into GoogleExcelTable (BATCH_NUMBER,BATCH_STATUS,CUSTOMER_NAME,ADDRESS,TRANSPORT,BOX_WEIGHT,BOX_TYPE,BOX_PRICE,BOX_COUNT,PRODUCT_NAME,PRODUCT_PRICE,PRODUCT_WEIGHT,SHELF_LIFE,FOOD_ENERGY,PROTEIN,FATS,CARBONOHYDRATES,COCOA) values ('2','Сформировано','Евроопт','г. Минск, ул. Слободская д.133, пом. 1','Арендованный','10','Для транспортировки','2750','22','Молочный шоколад с изысканной начинкой с клубничным пюре и молочным кремом','1.25','0.1','12','2160','3.5','29','60','0')
*
ERROR at line 1:
ORA-00001: unique constraint (MMF_2_10.BATCH_PK) violated 


Elapsed: 00:00:00.00
Insert into GoogleExcelTable (BATCH_NUMBER,BATCH_STATUS,CUSTOMER_NAME,ADDRESS,TRANSPORT,BOX_WEIGHT,BOX_TYPE,BOX_PRICE,BOX_COUNT,PRODUCT_NAME,PRODUCT_PRICE,PRODUCT_WEIGHT,SHELF_LIFE,FOOD_ENERGY,PROTEIN,FATS,CARBONOHYDRATES,COCOA) values ('2','Сформировано','Евроопт','г. Минск, ул. Слободская д.133, пом. 1','Арендованный','20','Для транспортировки','13728','22','Нежный молочный шоколад с ароматными кусочками свежей клубники и воздушным рисом','3.12','0.1','12','2260','5','33','56','0')
*
ERROR at line 1:
ORA-00001: unique constraint (MMF_2_10.BATCH_PK) violated 


Elapsed: 00:00:00.00
Insert into GoogleExcelTable (BATCH_NUMBER,BATCH_STATUS,CUSTOMER_NAME,ADDRESS,TRANSPORT,BOX_WEIGHT,BOX_TYPE,BOX_PRICE,BOX_COUNT,PRODUCT_NAME,PRODUCT_PRICE,PRODUCT_WEIGHT,SHELF_LIFE,FOOD_ENERGY,PROTEIN,FATS,CARBONOHYDRATES,COCOA) values ('2','Сформировано','Евроопт','г. Минск, ул. Слободская д.133, пом. 1','Арендованный','10','Для транспортировки','6534','22','Подарочный набор шоколада «Беларусь синеокая»','5.94','0.2','12','2310','5.5','36','52','0')
*
ERROR at line 1:
ORA-00001: unique constraint (MMF_2_10.BATCH_PK) violated 


Elapsed: 00:00:00.00
Insert into GoogleExcelTable (BATCH_NUMBER,BATCH_STATUS,CUSTOMER_NAME,ADDRESS,TRANSPORT,BOX_WEIGHT,BOX_TYPE,BOX_PRICE,BOX_COUNT,PRODUCT_NAME,PRODUCT_PRICE,PRODUCT_WEIGHT,SHELF_LIFE,FOOD_ENERGY,PROTEIN,FATS,CARBONOHYDRATES,COCOA) values ('2','Сформировано','Евроопт','г. Минск, ул. Слободская д.133, пом. 1','Арендованный','10','Для транспортировки','3476','22','Какао-порошок "Коммунарка"','2.37','0.15','12','1373','25.6','12','29.6','100')
*
ERROR at line 1:
ORA-00001: unique constraint (MMF_2_10.BATCH_PK) violated 


Elapsed: 00:00:00.00
Insert into GoogleExcelTable (BATCH_NUMBER,BATCH_STATUS,CUSTOMER_NAME,ADDRESS,TRANSPORT,BOX_WEIGHT,BOX_TYPE,BOX_PRICE,BOX_COUNT,PRODUCT_NAME,PRODUCT_PRICE,PRODUCT_WEIGHT,SHELF_LIFE,FOOD_ENERGY,PROTEIN,FATS,CARBONOHYDRATES,COCOA) values ('2','Сформировано','Евроопт','г. Минск, ул. Слободская д.133, пом. 1','Арендованный','5','Для продажи','441.1','22','Карамель леденцовая «Зубастики» кола-ла','4.01','1','12','1670','0','0.1','98','0')
*
ERROR at line 1:
ORA-00001: unique constraint (MMF_2_10.BATCH_PK) violated 


Elapsed: 00:00:00.01
Insert into GoogleExcelTable (BATCH_NUMBER,BATCH_STATUS,CUSTOMER_NAME,ADDRESS,TRANSPORT,BOX_WEIGHT,BOX_TYPE,BOX_PRICE,BOX_COUNT,PRODUCT_NAME,PRODUCT_PRICE,PRODUCT_WEIGHT,SHELF_LIFE,FOOD_ENERGY,PROTEIN,FATS,CARBONOHYDRATES,COCOA) values ('2','Сформировано','Евроопт','г. Минск, ул. Слободская д.133, пом. 1','Арендованный','10','Для продажи','862.4','22','Карамель с молочной начинкой со вкусом пломбира','3.92','1','12','1616','0.4','1.1','92.6','0')
*
ERROR at line 1:
ORA-00001: unique constraint (MMF_2_10.BATCH_PK) violated 


Elapsed: 00:00:00.00
Insert into GoogleExcelTable (BATCH_NUMBER,BATCH_STATUS,CUSTOMER_NAME,ADDRESS,TRANSPORT,BOX_WEIGHT,BOX_TYPE,BOX_PRICE,BOX_COUNT,PRODUCT_NAME,PRODUCT_PRICE,PRODUCT_WEIGHT,SHELF_LIFE,FOOD_ENERGY,PROTEIN,FATS,CARBONOHYDRATES,COCOA) values ('3','Доставляется','Корона','г. Минск, ул. Денисовская, 8','Свой','10','Для транспортировки','2298','12','Горький шоколад с начинкой из абрикосового пюре','3.83','0.2','12','1830','3','19','63','56')
*
ERROR at line 1:
ORA-00001: unique constraint (MMF_2_10.BATCH_PK) violated 


Elapsed: 00:00:00.00
Insert into GoogleExcelTable (BATCH_NUMBER,BATCH_STATUS,CUSTOMER_NAME,ADDRESS,TRANSPORT,BOX_WEIGHT,BOX_TYPE,BOX_PRICE,BOX_COUNT,PRODUCT_NAME,PRODUCT_PRICE,PRODUCT_WEIGHT,SHELF_LIFE,FOOD_ENERGY,PROTEIN,FATS,CARBONOHYDRATES,COCOA) values ('3','Доставляется','Корона','г. Минск, ул. Денисовская, 8','Свой','7.7','Для транспортировки','7158.4','32','Maya Legends','22.37','0.77','12','2282','5.9','32.9','55.9','0')
*
ERROR at line 1:
ORA-00001: unique constraint (MMF_2_10.BATCH_PK) violated 


Elapsed: 00:00:00.00
Insert into GoogleExcelTable (BATCH_NUMBER,BATCH_STATUS,CUSTOMER_NAME,ADDRESS,TRANSPORT,BOX_WEIGHT,BOX_TYPE,BOX_PRICE,BOX_COUNT,PRODUCT_NAME,PRODUCT_PRICE,PRODUCT_WEIGHT,SHELF_LIFE,FOOD_ENERGY,PROTEIN,FATS,CARBONOHYDRATES,COCOA) values ('3','Доставляется','Корона','г. Минск, ул. Денисовская, 8','Свой','3.85','Для транспортировки','5645.2','44','Maya Legends','12.83','0.38','12','2282','5.9','32.9','55.9','0')
*
ERROR at line 1:
ORA-00001: unique constraint (MMF_2_10.BATCH_PK) violated 


Elapsed: 00:00:00.00
Insert into GoogleExcelTable (BATCH_NUMBER,BATCH_STATUS,CUSTOMER_NAME,ADDRESS,TRANSPORT,BOX_WEIGHT,BOX_TYPE,BOX_PRICE,BOX_COUNT,PRODUCT_NAME,PRODUCT_PRICE,PRODUCT_WEIGHT,SHELF_LIFE,FOOD_ENERGY,PROTEIN,FATS,CARBONOHYDRATES,COCOA) values ('3','Доставляется','Корона','г. Минск, ул. Денисовская, 8','Свой','10','Для транспортировки','2625','21','Молочный шоколад с изысканной начинкой с клубничным пюре и молочным кремом','1.25','0.1','12','2160','3.5','29','60','0')
*
ERROR at line 1:
ORA-00001: unique constraint (MMF_2_10.BATCH_PK) violated 


Elapsed: 00:00:00.00
Insert into GoogleExcelTable (BATCH_NUMBER,BATCH_STATUS,CUSTOMER_NAME,ADDRESS,TRANSPORT,BOX_WEIGHT,BOX_TYPE,BOX_PRICE,BOX_COUNT,PRODUCT_NAME,PRODUCT_PRICE,PRODUCT_WEIGHT,SHELF_LIFE,FOOD_ENERGY,PROTEIN,FATS,CARBONOHYDRATES,COCOA) values ('3','Доставляется','Корона','г. Минск, ул. Денисовская, 8','Свой','10','Для транспортировки','6534','22','Подарочный набор шоколада «Беларусь синеокая»','5.94','0.2','12','2310','5.5','36','52','0')
*
ERROR at line 1:
ORA-00001: unique constraint (MMF_2_10.BATCH_PK) violated 


Elapsed: 00:00:00.00
Insert into GoogleExcelTable (BATCH_NUMBER,BATCH_STATUS,CUSTOMER_NAME,ADDRESS,TRANSPORT,BOX_WEIGHT,BOX_TYPE,BOX_PRICE,BOX_COUNT,PRODUCT_NAME,PRODUCT_PRICE,PRODUCT_WEIGHT,SHELF_LIFE,FOOD_ENERGY,PROTEIN,FATS,CARBONOHYDRATES,COCOA) values ('3','Доставляется','Корона','г. Минск, ул. Денисовская, 8','Свой','20','Для транспортировки','4992','8','Нежный молочный шоколад с ароматными кусочками свежей клубники и воздушным рисом','3.12','0.1','12','2260','5','33','56','0')
*
ERROR at line 1:
ORA-00001: unique constraint (MMF_2_10.BATCH_PK) violated 


Elapsed: 00:00:00.00
Insert into GoogleExcelTable (BATCH_NUMBER,BATCH_STATUS,CUSTOMER_NAME,ADDRESS,TRANSPORT,BOX_WEIGHT,BOX_TYPE,BOX_PRICE,BOX_COUNT,PRODUCT_NAME,PRODUCT_PRICE,PRODUCT_WEIGHT,SHELF_LIFE,FOOD_ENERGY,PROTEIN,FATS,CARBONOHYDRATES,COCOA) values ('3','Доставляется','Корона','г. Минск, ул. Денисовская, 8','Свой','10','Для продажи','862.4','22','Карамель с молочной начинкой со вкусом пломбира','3.92','1','12','1616','0.4','1.1','92.6','0')
*
ERROR at line 1:
ORA-00001: unique constraint (MMF_2_10.BATCH_PK) violated 


Elapsed: 00:00:00.01
Insert into GoogleExcelTable (BATCH_NUMBER,BATCH_STATUS,CUSTOMER_NAME,ADDRESS,TRANSPORT,BOX_WEIGHT,BOX_TYPE,BOX_PRICE,BOX_COUNT,PRODUCT_NAME,PRODUCT_PRICE,PRODUCT_WEIGHT,SHELF_LIFE,FOOD_ENERGY,PROTEIN,FATS,CARBONOHYDRATES,COCOA) values ('4','Доставлено','Корона','г. Борисов, ул. III Интернационала, 5','Арендованный','20','Для транспортировки','14352','23','Нежный молочный шоколад с ароматными кусочками свежей клубники и воздушным рисом','3.12','0.1','12','2260','5','33','56','0')
*
ERROR at line 1:
ORA-00001: unique constraint (MMF_2_10.BATCH_PK) violated 


Elapsed: 00:00:00.00
Insert into GoogleExcelTable (BATCH_NUMBER,BATCH_STATUS,CUSTOMER_NAME,ADDRESS,TRANSPORT,BOX_WEIGHT,BOX_TYPE,BOX_PRICE,BOX_COUNT,PRODUCT_NAME,PRODUCT_PRICE,PRODUCT_WEIGHT,SHELF_LIFE,FOOD_ENERGY,PROTEIN,FATS,CARBONOHYDRATES,COCOA) values ('4','Доставлено','Корона','г. Борисов, ул. III Интернационала, 5','Арендованный','10','Для транспортировки','3267','11','Подарочный набор шоколада «Беларусь синеокая»','5.94','0.2','12','2310','5.5','36','52','0')
*
ERROR at line 1:
ORA-00001: unique constraint (MMF_2_10.BATCH_PK) violated 


Elapsed: 00:00:00.00
Insert into GoogleExcelTable (BATCH_NUMBER,BATCH_STATUS,CUSTOMER_NAME,ADDRESS,TRANSPORT,BOX_WEIGHT,BOX_TYPE,BOX_PRICE,BOX_COUNT,PRODUCT_NAME,PRODUCT_PRICE,PRODUCT_WEIGHT,SHELF_LIFE,FOOD_ENERGY,PROTEIN,FATS,CARBONOHYDRATES,COCOA) values ('4','Доставлено','Корона','г. Борисов, ул. III Интернационала, 5','Арендованный','10','Для транспортировки','4741','30','Какао-порошок "Коммунарка"','2.37','0.15','12','1373','25.6','12','29.6','100')
*
ERROR at line 1:
ORA-00001: unique constraint (MMF_2_10.BATCH_PK) violated 


Elapsed: 00:00:00.00
Insert into GoogleExcelTable (BATCH_NUMBER,BATCH_STATUS,CUSTOMER_NAME,ADDRESS,TRANSPORT,BOX_WEIGHT,BOX_TYPE,BOX_PRICE,BOX_COUNT,PRODUCT_NAME,PRODUCT_PRICE,PRODUCT_WEIGHT,SHELF_LIFE,FOOD_ENERGY,PROTEIN,FATS,CARBONOHYDRATES,COCOA) values ('4','Доставлено','Корона','г. Борисов, ул. III Интернационала, 5','Арендованный','30','Для транспортировки','10341','18','Горький шоколад с начинкой из пюре черной смородины','3.83','0.2','12','1830','3','19','63','56')
*
ERROR at line 1:
ORA-00001: unique constraint (MMF_2_10.BATCH_PK) violated 


Elapsed: 00:00:00.00
Insert into GoogleExcelTable (BATCH_NUMBER,BATCH_STATUS,CUSTOMER_NAME,ADDRESS,TRANSPORT,BOX_WEIGHT,BOX_TYPE,BOX_PRICE,BOX_COUNT,PRODUCT_NAME,PRODUCT_PRICE,PRODUCT_WEIGHT,SHELF_LIFE,FOOD_ENERGY,PROTEIN,FATS,CARBONOHYDRATES,COCOA) values ('4','Доставлено','Корона','г. Борисов, ул. III Интернационала, 5','Арендованный','10','Для продажи','862.4','22','Карамель с молочной начинкой со вкусом пломбира','3.92','1','12','1616','0.4','1.1','92.6','0')
*
ERROR at line 1:
ORA-00001: unique constraint (MMF_2_10.BATCH_PK) violated 


Elapsed: 00:00:00.00
Insert into GoogleExcelTable (BATCH_NUMBER,BATCH_STATUS,CUSTOMER_NAME,ADDRESS,TRANSPORT,BOX_WEIGHT,BOX_TYPE,BOX_PRICE,BOX_COUNT,PRODUCT_NAME,PRODUCT_PRICE,PRODUCT_WEIGHT,SHELF_LIFE,FOOD_ENERGY,PROTEIN,FATS,CARBONOHYDRATES,COCOA) values ('4','Доставлено','Корона','г. Борисов, ул. III Интернационала, 5','Арендованный','3.85','Для транспортировки','5645.2','44','Maya Legends','12.83','0.38','12','2282','5.9','32.9','55.9','0')
*
ERROR at line 1:
ORA-00001: unique constraint (MMF_2_10.BATCH_PK) violated 


Elapsed: 00:00:00.00
Insert into GoogleExcelTable (BATCH_NUMBER,BATCH_STATUS,CUSTOMER_NAME,ADDRESS,TRANSPORT,BOX_WEIGHT,BOX_TYPE,BOX_PRICE,BOX_COUNT,PRODUCT_NAME,PRODUCT_PRICE,PRODUCT_WEIGHT,SHELF_LIFE,FOOD_ENERGY,PROTEIN,FATS,CARBONOHYDRATES,COCOA) values ('4','Доставлено','Корона','г. Борисов, ул. III Интернационала, 5','Арендованный','7.7','Для транспортировки','4250.3','19','Maya Legends','22.37','0.77','12','2282','5.9','32.9','55.9','0')
*
ERROR at line 1:
ORA-00001: unique constraint (MMF_2_10.BATCH_PK) violated 


Elapsed: 00:00:00.01
Insert into GoogleExcelTable (BATCH_NUMBER,BATCH_STATUS,CUSTOMER_NAME,ADDRESS,TRANSPORT,BOX_WEIGHT,BOX_TYPE,BOX_PRICE,BOX_COUNT,PRODUCT_NAME,PRODUCT_PRICE,PRODUCT_WEIGHT,SHELF_LIFE,FOOD_ENERGY,PROTEIN,FATS,CARBONOHYDRATES,COCOA) values ('4','Доставлено','Корона','г. Борисов, ул. III Интернационала, 5','Арендованный','10','Для транспортировки','11490','60','Горький шоколад с начинкой из абрикосового пюре','3.83','0.2','12','1830','3','19','63','56')
*
ERROR at line 1:
ORA-00001: unique constraint (MMF_2_10.BATCH_PK) violated 


Elapsed: 00:00:00.00

Insert new data in tables from raw data

10 rows created.

Elapsed: 00:00:00.00

10 rows created.

Elapsed: 00:00:00.00

26 rows created.

Elapsed: 00:00:00.00

2 rows created.

Elapsed: 00:00:00.00

4 rows created.

Elapsed: 00:00:00.00

4 rows created.

Elapsed: 00:00:00.00

35 rows created.

Elapsed: 00:00:00.00

Create data view of tables
CREATE VIEW KomunarkaView AS
            *
ERROR at line 1:
ORA-00955: name is already used by an existing object 


Elapsed: 00:00:00.00

Count data in tables

TABLES                                                                          
------------------------------------------------------------------------------  
product - number of values: 10                                                  
box - number of values: 26                                                      
transport - number of values: 2                                                 
batch - number of values: 4                                                     
batch_content - number of values: 35                                            
customer - number of values: 4                                                  
nutritional_value - number of values: 10                                        

7 rows selected.

Elapsed: 00:00:00.01

