Enter username
Enter tablespace name
Username to upgrade: mmf_2_10
Connected.
Calling create_tables started
old   1: alter table &&SCHEMA_NAME.Cells
new   1: alter table mmf_2_10Cells

Table altered.

Elapsed: 00:00:00.01
old   1: alter table &&SCHEMA_NAME.Load_out_hst
new   1: alter table mmf_2_10Load_out_hst

Table altered.

Elapsed: 00:00:00.00
old   1: alter table &&SCHEMA_NAME.Load_out_hst
new   1: alter table mmf_2_10Load_out_hst

Table altered.

Elapsed: 00:00:00.01
old   1: alter table &&SCHEMA_NAME.Load_outs
new   1: alter table mmf_2_10Load_outs

Table altered.

Elapsed: 00:00:00.00
old   1: alter table &&SCHEMA_NAME.Prices
new   1: alter table mmf_2_10Prices

Table altered.

Elapsed: 00:00:00.00
old   1: alter table &&SCHEMA_NAME.Ships
new   1: alter table mmf_2_10Ships

Table altered.

Elapsed: 00:00:00.00
old   1: alter table &&SCHEMA_NAME.Ships
new   1: alter table mmf_2_10Ships

Table altered.

Elapsed: 00:00:00.00
old   1: alter table &&SCHEMA_NAME.prod_cell_lnk
new   1: alter table mmf_2_10prod_cell_lnk

Table altered.

Elapsed: 00:00:00.00
old   1: alter table &&SCHEMA_NAME.prod_cell_lnk
new   1: alter table mmf_2_10prod_cell_lnk

Table altered.

Elapsed: 00:00:00.01
old   1: alter table &&SCHEMA_NAME.prod_cell_lnk
new   1: alter table mmf_2_10prod_cell_lnk

Table altered.

Elapsed: 00:00:00.00
old   1: drop table &&SCHEMA_NAME.Cells cascade constraints
new   1: drop table mmf_2_10Cells cascade constraints

Table dropped.

Elapsed: 00:00:00.02
old   1: drop table &&SCHEMA_NAME.Clients cascade constraints
new   1: drop table mmf_2_10Clients cascade constraints

Table dropped.

Elapsed: 00:00:00.03
old   1: drop table &&SCHEMA_NAME.Load_out_hst cascade constraints
new   1: drop table mmf_2_10Load_out_hst cascade constraints

Table dropped.

Elapsed: 00:00:00.02
old   1: drop table &&SCHEMA_NAME.Load_outs cascade constraints
new   1: drop table mmf_2_10Load_outs cascade constraints

Table dropped.

Elapsed: 00:00:00.03
old   1: drop table &&SCHEMA_NAME.Load_states cascade constraints
new   1: drop table mmf_2_10Load_states cascade constraints

Table dropped.

Elapsed: 00:00:00.03
old   1: drop table &&SCHEMA_NAME.Pack_types cascade constraints
new   1: drop table mmf_2_10Pack_types cascade constraints

Table dropped.

Elapsed: 00:00:00.03
old   1: drop table &&SCHEMA_NAME.Prices cascade constraints
new   1: drop table mmf_2_10Prices cascade constraints

Table dropped.

Elapsed: 00:00:00.02
old   1: drop table &&SCHEMA_NAME.Products cascade constraints
new   1: drop table mmf_2_10Products cascade constraints

Table dropped.

Elapsed: 00:00:00.02
old   1: drop table &&SCHEMA_NAME.Ships cascade constraints
new   1: drop table mmf_2_10Ships cascade constraints

Table dropped.

Elapsed: 00:00:00.02
old   1: drop table &&SCHEMA_NAME.Storages cascade constraints
new   1: drop table mmf_2_10Storages cascade constraints

Table dropped.

Elapsed: 00:00:00.02
old   1: drop table &&SCHEMA_NAME.prod_cell_lnk cascade constraints
new   1: drop table mmf_2_10prod_cell_lnk cascade constraints

Table dropped.

Elapsed: 00:00:00.03
old   1: create table &&SCHEMA_NAME.Cells
new   1: create table mmf_2_10Cells
old   9: TABLESPACE &&DATA_TBS_NAME
new   9: TABLESPACE mmf_2_10_data

Table created.

Elapsed: 00:00:00.01
old   1: comment on table &&SCHEMA_NAME.Cells is
new   1: comment on table mmf_2_10Cells is

Comment created.

Elapsed: 00:00:00.00
old   1: comment on column &&SCHEMA_NAME.Cells.id is
new   1: comment on column mmf_2_10Cells.id is

Comment created.

Elapsed: 00:00:00.00
old   1: comment on column &&SCHEMA_NAME.Cells.storage_id is
new   1: comment on column mmf_2_10Cells.storage_id is

Comment created.

Elapsed: 00:00:00.00
old   1: comment on column &&SCHEMA_NAME.Cells.unique_number is
new   1: comment on column mmf_2_10Cells.unique_number is

Comment created.

Elapsed: 00:00:00.00
old   1: create table &&SCHEMA_NAME.Clients
new   1: create table mmf_2_10Clients
old  11: TABLESPACE &&DATA_TBS_NAME
new  11: TABLESPACE mmf_2_10_data

Table created.

Elapsed: 00:00:00.01
old   1: comment on table &&SCHEMA_NAME.Clients is
new   1: comment on table mmf_2_10Clients is

Comment created.

Elapsed: 00:00:00.00
old   1: comment on column &&SCHEMA_NAME.Clients.id is
new   1: comment on column mmf_2_10Clients.id is

Comment created.

Elapsed: 00:00:00.00
old   1: comment on column &&SCHEMA_NAME.Clients.code is
new   1: comment on column mmf_2_10Clients.code is

Comment created.

Elapsed: 00:00:00.00
old   1: comment on column &&SCHEMA_NAME.Clients.name is
new   1: comment on column mmf_2_10Clients.name is

Comment created.

Elapsed: 00:00:00.00
old   1: comment on column &&SCHEMA_NAME.Clients.address is
new   1: comment on column mmf_2_10Clients.address is

Comment created.

Elapsed: 00:00:00.00
old   1: comment on column &&SCHEMA_NAME.Clients.vehicle_fl is
new   1: comment on column mmf_2_10Clients.vehicle_fl is

Comment created.

Elapsed: 00:00:00.00
old   1: create table &&SCHEMA_NAME.Load_out_hst
new   1: create table mmf_2_10Load_out_hst
old   9: TABLESPACE &&DATA_TBS_NAME
new   9: TABLESPACE mmf_2_10_data

Table created.

Elapsed: 00:00:00.01
old   1: comment on table &&SCHEMA_NAME.Load_out_hst is
new   1: comment on table mmf_2_10Load_out_hst is

Comment created.

Elapsed: 00:00:00.00
old   1: comment on column &&SCHEMA_NAME.Load_out_hst.id is
new   1: comment on column mmf_2_10Load_out_hst.id is

Comment created.

Elapsed: 00:00:00.00
old   1: comment on column &&SCHEMA_NAME.Load_out_hst.load_state_id is
new   1: comment on column mmf_2_10Load_out_hst.load_state_id is

Comment created.

Elapsed: 00:00:00.00
old   1: comment on column &&SCHEMA_NAME.Load_out_hst.date_from is
new   1: comment on column mmf_2_10Load_out_hst.date_from is

Comment created.

Elapsed: 00:00:00.00
old   1: comment on column &&SCHEMA_NAME.Load_out_hst.date_to is
new   1: comment on column mmf_2_10Load_out_hst.date_to is

Comment created.

Elapsed: 00:00:00.00
old   1: create table &&SCHEMA_NAME.Load_outs
new   1: create table mmf_2_10Load_outs
old   9: TABLESPACE &&DATA_TBS_NAME
new   9: TABLESPACE mmf_2_10_data

Table created.

Elapsed: 00:00:00.01
old   1: comment on table &&SCHEMA_NAME.Load_outs is
new   1: comment on table mmf_2_10Load_outs is

Comment created.

Elapsed: 00:00:00.00
old   1: comment on column &&SCHEMA_NAME.Load_outs.id is
new   1: comment on column mmf_2_10Load_outs.id is

Comment created.

Elapsed: 00:00:00.00
old   1: comment on column &&SCHEMA_NAME.Load_outs.client_id is
new   1: comment on column mmf_2_10Load_outs.client_id is

Comment created.

Elapsed: 00:00:00.00
old   1: comment on column &&SCHEMA_NAME.Load_outs.load_date is
new   1: comment on column mmf_2_10Load_outs.load_date is

Comment created.

Elapsed: 00:00:00.00
old   1: create table &&SCHEMA_NAME.Load_states
new   1: create table mmf_2_10Load_states
old   9: TABLESPACE &&DATA_TBS_NAME
new   9: TABLESPACE mmf_2_10_data

Table created.

Elapsed: 00:00:00.01
old   1: comment on table &&SCHEMA_NAME.Load_states is
new   1: comment on table mmf_2_10Load_states is

Comment created.

Elapsed: 00:00:00.00
old   1: comment on column &&SCHEMA_NAME.Load_states.id is
new   1: comment on column mmf_2_10Load_states.id is

Comment created.

Elapsed: 00:00:00.00
old   1: comment on column &&SCHEMA_NAME.Load_states.code is
new   1: comment on column mmf_2_10Load_states.code is

Comment created.

Elapsed: 00:00:00.00
old   1: comment on column &&SCHEMA_NAME.Load_states.name is
new   1: comment on column mmf_2_10Load_states.name is

Comment created.

Elapsed: 00:00:00.00
old   1: create table &&SCHEMA_NAME.Pack_types
new   1: create table mmf_2_10Pack_types
old   9: TABLESPACE &&DATA_TBS_NAME
new   9: TABLESPACE mmf_2_10_data

Table created.

Elapsed: 00:00:00.01
old   1: comment on table &&SCHEMA_NAME.Pack_types is
new   1: comment on table mmf_2_10Pack_types is

Comment created.

Elapsed: 00:00:00.00
old   1: comment on column &&SCHEMA_NAME.Pack_types.id is
new   1: comment on column mmf_2_10Pack_types.id is

Comment created.

Elapsed: 00:00:00.00
old   1: comment on column &&SCHEMA_NAME.Pack_types.code is
new   1: comment on column mmf_2_10Pack_types.code is

Comment created.

Elapsed: 00:00:00.00
old   1: comment on column &&SCHEMA_NAME.Pack_types.name is
new   1: comment on column mmf_2_10Pack_types.name is

Comment created.

Elapsed: 00:00:00.00
old   1: create table &&SCHEMA_NAME.Prices
new   1: create table mmf_2_10Prices
old   8: TABLESPACE &&DATA_TBS_NAME
new   8: TABLESPACE mmf_2_10_data

Table created.

Elapsed: 00:00:00.01
old   1: comment on table &&SCHEMA_NAME.Prices is
new   1: comment on table mmf_2_10Prices is

Comment created.

Elapsed: 00:00:00.00
old   1: comment on column &&SCHEMA_NAME.Prices.id is
new   1: comment on column mmf_2_10Prices.id is

Comment created.

Elapsed: 00:00:00.00
old   1: comment on column &&SCHEMA_NAME.Prices.product_id is
new   1: comment on column mmf_2_10Prices.product_id is

Comment created.

Elapsed: 00:00:00.00
old   1: comment on column &&SCHEMA_NAME.Prices.price is
new   1: comment on column mmf_2_10Prices.price is

Comment created.

Elapsed: 00:00:00.00
old   1: create table &&SCHEMA_NAME.Products
new   1: create table mmf_2_10Products
old  14: TABLESPACE &&DATA_TBS_NAME
new  14: TABLESPACE mmf_2_10_data

Table created.

Elapsed: 00:00:00.02
old   1: comment on table &&SCHEMA_NAME.Products is
new   1: comment on table mmf_2_10Products is

Comment created.

Elapsed: 00:00:00.00
old   1: comment on column &&SCHEMA_NAME.Products.id is
new   1: comment on column mmf_2_10Products.id is

Comment created.

Elapsed: 00:00:00.00
old   1: comment on column &&SCHEMA_NAME.Products.code is
new   1: comment on column mmf_2_10Products.code is

Comment created.

Elapsed: 00:00:00.00
old   1: comment on column &&SCHEMA_NAME.Products.name is
new   1: comment on column mmf_2_10Products.name is

Comment created.

Elapsed: 00:00:00.00
old   1: comment on column &&SCHEMA_NAME.Products.ingridients is
new   1: comment on column mmf_2_10Products.ingridients is

Comment created.

Elapsed: 00:00:00.00
old   1: comment on column &&SCHEMA_NAME.Products.nutritional_val is
new   1: comment on column mmf_2_10Products.nutritional_val is

Comment created.

Elapsed: 00:00:00.00
old   1: comment on column &&SCHEMA_NAME.Products.calories is
new   1: comment on column mmf_2_10Products.calories is

Comment created.

Elapsed: 00:00:00.00
old   1: comment on column &&SCHEMA_NAME.Products.weight is
new   1: comment on column mmf_2_10Products.weight is

Comment created.

Elapsed: 00:00:00.00
old   1: comment on column &&SCHEMA_NAME.Products.expiration_date is
new   1: comment on column mmf_2_10Products.expiration_date is

Comment created.

Elapsed: 00:00:00.00
old   1: create table &&SCHEMA_NAME.Ships
new   1: create table mmf_2_10Ships
old   9: TABLESPACE &&DATA_TBS_NAME
new   9: TABLESPACE mmf_2_10_data

Table created.

Elapsed: 00:00:00.01
old   1: comment on table &&SCHEMA_NAME.Ships is
new   1: comment on table mmf_2_10Ships is

Comment created.

Elapsed: 00:00:00.00
old   1: comment on column &&SCHEMA_NAME.Ships.id is
new   1: comment on column mmf_2_10Ships.id is

Comment created.

Elapsed: 00:00:00.00
old   1: comment on column &&SCHEMA_NAME.Ships.load_out_id is
new   1: comment on column mmf_2_10Ships.load_out_id is

Comment created.

Elapsed: 00:00:00.00
old   1: comment on column &&SCHEMA_NAME.Ships.cell_id is
new   1: comment on column mmf_2_10Ships.cell_id is

Comment created.

Elapsed: 00:00:00.01
old   1: create table &&SCHEMA_NAME.Storages
new   1: create table mmf_2_10Storages
old   9: TABLESPACE &&DATA_TBS_NAME
new   9: TABLESPACE mmf_2_10_data

Table created.

Elapsed: 00:00:00.01
old   1: comment on table &&SCHEMA_NAME.Storages is
new   1: comment on table mmf_2_10Storages is

Comment created.

Elapsed: 00:00:00.00
old   1: comment on column &&SCHEMA_NAME.Storages.id is
new   1: comment on column mmf_2_10Storages.id is

Comment created.

Elapsed: 00:00:00.00
old   1: comment on column &&SCHEMA_NAME.Storages.code is
new   1: comment on column mmf_2_10Storages.code is

Comment created.

Elapsed: 00:00:00.00
old   1: comment on column &&SCHEMA_NAME.Storages.address is
new   1: comment on column mmf_2_10Storages.address is

Comment created.

Elapsed: 00:00:00.00
old   1: create table &&SCHEMA_NAME.prod_cell_lnk
new   1: create table mmf_2_10prod_cell_lnk
old  10: TABLESPACE &&DATA_TBS_NAME
new  10: TABLESPACE mmf_2_10_data

Table created.

Elapsed: 00:00:00.01
old   1: comment on table &&SCHEMA_NAME.prod_cell_lnk is
new   1: comment on table mmf_2_10prod_cell_lnk is

Comment created.

Elapsed: 00:00:00.00
old   1: comment on column &&SCHEMA_NAME.prod_cell_lnk.id is
new   1: comment on column mmf_2_10prod_cell_lnk.id is

Comment created.

Elapsed: 00:00:00.00
old   1: comment on column &&SCHEMA_NAME.prod_cell_lnk.cell_id is
new   1: comment on column mmf_2_10prod_cell_lnk.cell_id is

Comment created.

Elapsed: 00:00:00.00
old   1: comment on column &&SCHEMA_NAME.prod_cell_lnk.product_id is
new   1: comment on column mmf_2_10prod_cell_lnk.product_id is

Comment created.

Elapsed: 00:00:00.00
old   1: comment on column &&SCHEMA_NAME.prod_cell_lnk.product_count is
new   1: comment on column mmf_2_10prod_cell_lnk.product_count is

Comment created.

Elapsed: 00:00:00.00
old   1: comment on column &&SCHEMA_NAME.prod_cell_lnk.pack_type_id is
new   1: comment on column mmf_2_10prod_cell_lnk.pack_type_id is

Comment created.

Elapsed: 00:00:00.00
old   1: alter table &&SCHEMA_NAME.Cells
new   1: alter table mmf_2_10Cells
old   3:       references &&SCHEMA_NAME.Storages (id)
new   3:       references mmf_2_10Storages (id)

Table altered.

Elapsed: 00:00:00.01
old   1: alter table &&SCHEMA_NAME.Load_out_hst
new   1: alter table mmf_2_10Load_out_hst
old   3:       references &&SCHEMA_NAME.Load_outs (id)
new   3:       references mmf_2_10Load_outs (id)

Table altered.

Elapsed: 00:00:00.01
old   1: alter table &&SCHEMA_NAME.Load_out_hst
new   1: alter table mmf_2_10Load_out_hst
old   3:       references &&SCHEMA_NAME.Load_states (id)
new   3:       references mmf_2_10Load_states (id)

Table altered.

Elapsed: 00:00:00.01
old   1: alter table &&SCHEMA_NAME.Load_outs
new   1: alter table mmf_2_10Load_outs
old   3:       references &&SCHEMA_NAME.Clients (id)
new   3:       references mmf_2_10Clients (id)

Table altered.

Elapsed: 00:00:00.01
old   1: alter table &&SCHEMA_NAME.Prices
new   1: alter table mmf_2_10Prices
old   3:       references &&SCHEMA_NAME.Products (id)
new   3:       references mmf_2_10Products (id)

Table altered.

Elapsed: 00:00:00.01
old   1: alter table &&SCHEMA_NAME.Ships
new   1: alter table mmf_2_10Ships
old   3:       references &&SCHEMA_NAME.Cells (id)
new   3:       references mmf_2_10Cells (id)

Table altered.

Elapsed: 00:00:00.01
old   1: alter table &&SCHEMA_NAME.Ships
new   1: alter table mmf_2_10Ships
old   3:       references &&SCHEMA_NAME.Load_outs (id)
new   3:       references mmf_2_10Load_outs (id)

Table altered.

Elapsed: 00:00:00.01
old   1: alter table &&SCHEMA_NAME.prod_cell_lnk
new   1: alter table mmf_2_10prod_cell_lnk
old   3:       references &&SCHEMA_NAME.Cells (id)
new   3:       references mmf_2_10Cells (id)

Table altered.

Elapsed: 00:00:00.01
old   1: alter table &&SCHEMA_NAME.prod_cell_lnk
new   1: alter table mmf_2_10prod_cell_lnk
old   3:       references &&SCHEMA_NAME.Pack_types (id)
new   3:       references mmf_2_10Pack_types (id)

Table altered.

Elapsed: 00:00:00.00
old   1: alter table &&SCHEMA_NAME.prod_cell_lnk
new   1: alter table mmf_2_10prod_cell_lnk
old   3:       references &&SCHEMA_NAME.Products (id)
new   3:       references mmf_2_10Products (id)

Table altered.

Elapsed: 00:00:00.01
Calling create_tables finished
Calling insert_values started
old   1: INSERT	INTO &&SCHEMA_NAME.Storages (id, code, address) VALUES (1, 'code1', 'address1')
new   1: INSERT	INTO mmf_2_10Storages (id, code, address) VALUES (1, 'code1', 'address1')

1 row created.

Elapsed: 00:00:00.02
old   1: INSERT	INTO &&SCHEMA_NAME.Storages (id, code, address) VALUES (2, 'code2', 'address2')
new   1: INSERT	INTO mmf_2_10Storages (id, code, address) VALUES (2, 'code2', 'address2')

1 row created.

Elapsed: 00:00:00.00
old   1: INSERT	INTO &&SCHEMA_NAME.Storages (id, code, address) VALUES (3, 'code3', 'address3')
new   1: INSERT	INTO mmf_2_10Storages (id, code, address) VALUES (3, 'code3', 'address3')

1 row created.

Elapsed: 00:00:00.00
old   1: INSERT	INTO &&SCHEMA_NAME.Cells (id, storage_id, unique_number) VALUES (1, 1, 1)
new   1: INSERT	INTO mmf_2_10Cells (id, storage_id, unique_number) VALUES (1, 1, 1)

1 row created.

Elapsed: 00:00:00.01
old   1: INSERT	INTO &&SCHEMA_NAME.Cells (id, storage_id, unique_number) VALUES (2, 1, 2)
new   1: INSERT	INTO mmf_2_10Cells (id, storage_id, unique_number) VALUES (2, 1, 2)

1 row created.

Elapsed: 00:00:00.00
old   1: INSERT	INTO &&SCHEMA_NAME.Cells (id, storage_id, unique_number) VALUES (3, 2, 3)
new   1: INSERT	INTO mmf_2_10Cells (id, storage_id, unique_number) VALUES (3, 2, 3)

1 row created.

Elapsed: 00:00:00.00
old   1: INSERT	INTO &&SCHEMA_NAME.Load_states (id, code, name) VALUES (1, 'code1', 'state1')
new   1: INSERT	INTO mmf_2_10Load_states (id, code, name) VALUES (1, 'code1', 'state1')

1 row created.

Elapsed: 00:00:00.00
old   1: INSERT	INTO &&SCHEMA_NAME.Load_states (id, code, name) VALUES (2, 'code2', 'state2')
new   1: INSERT	INTO mmf_2_10Load_states (id, code, name) VALUES (2, 'code2', 'state2')

1 row created.

Elapsed: 00:00:00.00
old   1: INSERT	INTO &&SCHEMA_NAME.Load_states (id, code, name) VALUES (3, 'code3', 'state3')
new   1: INSERT	INTO mmf_2_10Load_states (id, code, name) VALUES (3, 'code3', 'state3')

1 row created.

Elapsed: 00:00:00.00
old   1: INSERT	INTO &&SCHEMA_NAME.Pack_types (id, code, name) VALUES (1, 'code1', 'type1')
new   1: INSERT	INTO mmf_2_10Pack_types (id, code, name) VALUES (1, 'code1', 'type1')

1 row created.

Elapsed: 00:00:00.00
old   1: INSERT	INTO &&SCHEMA_NAME.Pack_types (id, code, name) VALUES (2, 'code2', 'type2')
new   1: INSERT	INTO mmf_2_10Pack_types (id, code, name) VALUES (2, 'code2', 'type2')

1 row created.

Elapsed: 00:00:00.00
old   1: INSERT	INTO &&SCHEMA_NAME.Pack_types (id, code, name) VALUES (3, 'code3', 'type3')
new   1: INSERT	INTO mmf_2_10Pack_types (id, code, name) VALUES (3, 'code3', 'type3')

1 row created.

Elapsed: 00:00:00.00
old   1: INSERT	INTO &&SCHEMA_NAME.Products (id, code, name, ingridients, nutritional_val, calories, weight, expiration_date) VALUES (1, 'code1', 'product1', 'set of ingredients number 1', 11, 11, 110, DATE '2020-11-14')
new   1: INSERT	INTO mmf_2_10Products (id, code, name, ingridients, nutritional_val, calories, weight, expiration_date) VALUES (1, 'code1', 'product1', 'set of ingredients number 1', 11, 11, 110, DATE '2020-11-14')

1 row created.

Elapsed: 00:00:00.00
old   1: INSERT	INTO &&SCHEMA_NAME.Products (id, code, name, ingridients, nutritional_val, calories, weight, expiration_date) VALUES (2, 'code2', 'product2', 'set of ingredients number 2', 22, 22, 220, DATE '2020-11-14')
new   1: INSERT	INTO mmf_2_10Products (id, code, name, ingridients, nutritional_val, calories, weight, expiration_date) VALUES (2, 'code2', 'product2', 'set of ingredients number 2', 22, 22, 220, DATE '2020-11-14')

1 row created.

Elapsed: 00:00:00.00
old   1: INSERT	INTO &&SCHEMA_NAME.Products (id, code, name, ingridients, nutritional_val, calories, weight, expiration_date) VALUES (3, 'code3', 'product3', 'set of ingredients number 3', 33, 33, 330, DATE '2020-11-14')
new   1: INSERT	INTO mmf_2_10Products (id, code, name, ingridients, nutritional_val, calories, weight, expiration_date) VALUES (3, 'code3', 'product3', 'set of ingredients number 3', 33, 33, 330, DATE '2020-11-14')

1 row created.

Elapsed: 00:00:00.00
old   1: INSERT	INTO &&SCHEMA_NAME.Prices (id, product_id, price) VALUES (1, 1, 34.3)
new   1: INSERT	INTO mmf_2_10Prices (id, product_id, price) VALUES (1, 1, 34.3)

1 row created.

Elapsed: 00:00:00.00
old   1: INSERT	INTO &&SCHEMA_NAME.Prices (id, product_id, price) VALUES (2, 2, 54.0)
new   1: INSERT	INTO mmf_2_10Prices (id, product_id, price) VALUES (2, 2, 54.0)

1 row created.

Elapsed: 00:00:00.00
old   1: INSERT	INTO &&SCHEMA_NAME.Prices (id, product_id, price) VALUES (3, 3, 53.9)
new   1: INSERT	INTO mmf_2_10Prices (id, product_id, price) VALUES (3, 3, 53.9)

1 row created.

Elapsed: 00:00:00.00
old   1: INSERT	INTO &&SCHEMA_NAME.prod_cell_lnk (id, cell_id, product_id, product_count, pack_type_id) VALUES (1, 1, 1, 5, 1)
new   1: INSERT	INTO mmf_2_10prod_cell_lnk (id, cell_id, product_id, product_count, pack_type_id) VALUES (1, 1, 1, 5, 1)

1 row created.

Elapsed: 00:00:00.00
old   1: INSERT	INTO &&SCHEMA_NAME.prod_cell_lnk (id, cell_id, product_id, product_count, pack_type_id) VALUES (2, 2, 2, 6, 2)
new   1: INSERT	INTO mmf_2_10prod_cell_lnk (id, cell_id, product_id, product_count, pack_type_id) VALUES (2, 2, 2, 6, 2)

1 row created.

Elapsed: 00:00:00.00
old   1: INSERT	INTO &&SCHEMA_NAME.prod_cell_lnk (id, cell_id, product_id, product_count, pack_type_id) VALUES (3, 3, 3, 4, 3)
new   1: INSERT	INTO mmf_2_10prod_cell_lnk (id, cell_id, product_id, product_count, pack_type_id) VALUES (3, 3, 3, 4, 3)

1 row created.

Elapsed: 00:00:00.00
old   1: INSERT	INTO &&SCHEMA_NAME.Clients (id, code, name, address, vehicle_fl) VALUES (1, 1, 'client1', 'address1', '1')
new   1: INSERT	INTO mmf_2_10Clients (id, code, name, address, vehicle_fl) VALUES (1, 1, 'client1', 'address1', '1')

1 row created.

Elapsed: 00:00:00.00
old   1: INSERT	INTO &&SCHEMA_NAME.Clients (id, code, name, address, vehicle_fl) VALUES (2, 2, 'client2', 'address2', '2')
new   1: INSERT	INTO mmf_2_10Clients (id, code, name, address, vehicle_fl) VALUES (2, 2, 'client2', 'address2', '2')

1 row created.

Elapsed: 00:00:00.00
old   1: INSERT	INTO &&SCHEMA_NAME.Clients (id, code, name, address, vehicle_fl) VALUES (3, 3, 'client3', 'address3', '3')
new   1: INSERT	INTO mmf_2_10Clients (id, code, name, address, vehicle_fl) VALUES (3, 3, 'client3', 'address3', '3')

1 row created.

Elapsed: 00:00:00.00
old   1: INSERT	INTO &&SCHEMA_NAME.Load_outs (id, client_id, load_date) VALUES (1, 1 , DATE '2020-11-14')
new   1: INSERT	INTO mmf_2_10Load_outs (id, client_id, load_date) VALUES (1, 1 , DATE '2020-11-14')

1 row created.

Elapsed: 00:00:00.03
old   1: INSERT	INTO &&SCHEMA_NAME.Load_outs (id, client_id, load_date) VALUES (2, 2 , DATE '2020-11-14')
new   1: INSERT	INTO mmf_2_10Load_outs (id, client_id, load_date) VALUES (2, 2 , DATE '2020-11-14')

1 row created.

Elapsed: 00:00:00.00
old   1: INSERT	INTO &&SCHEMA_NAME.Load_outs (id, client_id, load_date) VALUES (3, 3 , DATE '2020-11-14')
new   1: INSERT	INTO mmf_2_10Load_outs (id, client_id, load_date) VALUES (3, 3 , DATE '2020-11-14')

1 row created.

Elapsed: 00:00:00.00
old   1: INSERT	INTO &&SCHEMA_NAME.Ships(id, load_out_id, cell_id) VALUES (1, 1, 1)
new   1: INSERT	INTO mmf_2_10Ships(id, load_out_id, cell_id) VALUES (1, 1, 1)

1 row created.

Elapsed: 00:00:00.00
old   1: INSERT	INTO &&SCHEMA_NAME.Ships(id, load_out_id, cell_id) VALUES (2, 2, 2)
new   1: INSERT	INTO mmf_2_10Ships(id, load_out_id, cell_id) VALUES (2, 2, 2)

1 row created.

Elapsed: 00:00:00.00
old   1: INSERT	INTO &&SCHEMA_NAME.Ships(id, load_out_id, cell_id) VALUES (3, 3, 3)
new   1: INSERT	INTO mmf_2_10Ships(id, load_out_id, cell_id) VALUES (3, 3, 3)

1 row created.

Elapsed: 00:00:00.00
old   1: INSERT	INTO &&SCHEMA_NAME.Load_out_hst(id, date_from, date_to, load_state_id) VALUES (1, DATE '2020-11-14', DATE '2020-12-14', 1)
new   1: INSERT	INTO mmf_2_10Load_out_hst(id, date_from, date_to, load_state_id) VALUES (1, DATE '2020-11-14', DATE '2020-12-14', 1)

1 row created.

Elapsed: 00:00:00.01
old   1: INSERT	INTO &&SCHEMA_NAME.Load_out_hst(id, date_from, date_to, load_state_id) VALUES (2, DATE '2020-11-14', DATE '2020-12-14', 2)
new   1: INSERT	INTO mmf_2_10Load_out_hst(id, date_from, date_to, load_state_id) VALUES (2, DATE '2020-11-14', DATE '2020-12-14', 2)

1 row created.

Elapsed: 00:00:00.00
old   1: INSERT	INTO &&SCHEMA_NAME.Load_out_hst(id, date_from, date_to, load_state_id) VALUES (3, DATE '2020-11-14', DATE '2020-12-14', 3)
new   1: INSERT	INTO mmf_2_10Load_out_hst(id, date_from, date_to, load_state_id) VALUES (3, DATE '2020-11-14', DATE '2020-12-14', 3)

1 row created.

Elapsed: 00:00:00.00
Calling insert_values finished
